  Arrays.cpp
C:\Users\moxey\source\repos\DSA\ArraysPractice\Arrays\Arrays.cpp(13,11): error C2131: expression did not evaluate to a constant
      C:\Users\moxey\source\repos\DSA\ArraysPractice\Arrays\Arrays.cpp(13,11):
      failure was caused by a read of a variable outside its lifetime
      C:\Users\moxey\source\repos\DSA\ArraysPractice\Arrays\Arrays.cpp(13,11):
      see usage of 'n'
  
C:\Users\moxey\source\repos\DSA\ArraysPractice\Arrays\Arrays.cpp(14,10): error C3863: array type 'int [n]' is not assignable
C:\Users\moxey\source\repos\DSA\ArraysPractice\Arrays\Arrays.cpp(30,15): error C2143: syntax error: missing ';' before ':'
C:\Users\moxey\source\repos\DSA\ArraysPractice\Arrays\Arrays.cpp(30,17): error C2143: syntax error: missing ';' before ')'
